[2021-09-01 16:16:18.669] [exthost] [info] extension host started
[2021-09-01 16:16:18.680] [exthost] [info] Lock '/var/www/.vscode-server/data/User/workspaceStorage/2e5f988c5af9171eb1a8d776ec095420/vscode.lock': Lock acquired.
[2021-09-01 16:16:18.726] [exthost] [info] ExtensionService#_doActivateExtension vscode.debug-auto-launch {"startup":true,"extensionId":{"value":"vscode.debug-auto-launch","_lower":"vscode.debug-auto-launch"},"activationEvent":"*"}
[2021-09-01 16:16:18.726] [exthost] [info] ExtensionService#loadCommonJSModule file:///var/www/.vscode-server/bin/3866c3553be8b268c8a7f8c0482c0c0177aa8bfa/extensions/debug-auto-launch/dist/extension
[2021-09-01 16:16:18.803] [exthost] [info] ExtensionService#_doActivateExtension vscode.git {"startup":true,"extensionId":{"value":"vscode.github","_lower":"vscode.github"},"activationEvent":"*"}
[2021-09-01 16:16:18.803] [exthost] [info] ExtensionService#loadCommonJSModule file:///var/www/.vscode-server/bin/3866c3553be8b268c8a7f8c0482c0c0177aa8bfa/extensions/git/dist/main
[2021-09-01 16:16:19.050] [exthost] [info] ExtensionService#_doActivateExtension vscode.github {"startup":true,"extensionId":{"value":"vscode.github","_lower":"vscode.github"},"activationEvent":"*"}
[2021-09-01 16:16:19.050] [exthost] [info] ExtensionService#loadCommonJSModule file:///var/www/.vscode-server/bin/3866c3553be8b268c8a7f8c0482c0c0177aa8bfa/extensions/github/dist/extension.js
[2021-09-01 16:16:19.183] [exthost] [warning] [Decorations] CAPPING events from decorations provider vscode.git 1502
[2021-09-01 16:16:19.593] [exthost] [info] ExtensionService#_doActivateExtension vscode.emmet {"startup":false,"extensionId":{"value":"vscode.emmet","_lower":"vscode.emmet"},"activationEvent":"onStartupFinished"}
[2021-09-01 16:16:19.594] [exthost] [info] ExtensionService#loadCommonJSModule file:///var/www/.vscode-server/bin/3866c3553be8b268c8a7f8c0482c0c0177aa8bfa/extensions/emmet/dist/node/emmetNodeMain
[2021-09-01 16:16:19.610] [exthost] [info] ExtensionService#_doActivateExtension vscode.merge-conflict {"startup":false,"extensionId":{"value":"vscode.merge-conflict","_lower":"vscode.merge-conflict"},"activationEvent":"onStartupFinished"}
[2021-09-01 16:16:19.610] [exthost] [info] ExtensionService#loadCommonJSModule file:///var/www/.vscode-server/bin/3866c3553be8b268c8a7f8c0482c0c0177aa8bfa/extensions/merge-conflict/dist/mergeConflictMain
[2021-09-01 16:16:19.615] [exthost] [info] eager extensions activated
[2021-09-01 16:16:19.715] [exthost] [info] ExtensionService#_doActivateExtension ms-vscode.js-debug {"startup":false,"extensionId":{"value":"ms-vscode.js-debug","_lower":"ms-vscode.js-debug"},"activationEvent":"onCommand:extension.js-debug.clearAutoAttachVariables"}
[2021-09-01 16:16:19.715] [exthost] [info] ExtensionService#loadCommonJSModule file:///var/www/.vscode-server/bin/3866c3553be8b268c8a7f8c0482c0c0177aa8bfa/extensions/ms-vscode.js-debug/src/extension.js
[2021-09-01 16:16:20.235] [exthost] [info] ExtensionService#_doActivateExtension dbaeumer.vscode-eslint {"startup":false,"extensionId":{"value":"dbaeumer.vscode-eslint","_lower":"dbaeumer.vscode-eslint"},"activationEvent":"onStartupFinished"}
[2021-09-01 16:16:20.235] [exthost] [info] ExtensionService#loadCommonJSModule file:///var/www/.vscode-server/extensions/dbaeumer.vscode-eslint-2.1.23/client/out/extension
[2021-09-01 16:16:21.012] [exthost] [info] ExtensionService#_doActivateExtension esbenp.prettier-vscode {"startup":false,"extensionId":{"value":"esbenp.prettier-vscode","_lower":"esbenp.prettier-vscode"},"activationEvent":"onStartupFinished"}
[2021-09-01 16:16:21.012] [exthost] [info] ExtensionService#loadCommonJSModule file:///var/www/.vscode-server/extensions/esbenp.prettier-vscode-8.1.0/dist/extension
[2021-09-01 16:16:21.196] [exthost] [info] ExtensionService#_doActivateExtension naumovs.color-highlight {"startup":false,"extensionId":{"value":"naumovs.color-highlight","_lower":"naumovs.color-highlight"},"activationEvent":"*"}
[2021-09-01 16:16:21.196] [exthost] [info] ExtensionService#loadCommonJSModule file:///var/www/.vscode-server/extensions/naumovs.color-highlight-2.4.0/dist/extension
[2021-09-01 16:16:21.315] [exthost] [info] ExtensionService#_doActivateExtension streetsidesoftware.code-spell-checker {"startup":false,"extensionId":{"value":"streetsidesoftware.code-spell-checker","_lower":"streetsidesoftware.code-spell-checker"},"activationEvent":"*"}
[2021-09-01 16:16:21.315] [exthost] [info] ExtensionService#loadCommonJSModule file:///var/www/.vscode-server/extensions/streetsidesoftware.code-spell-checker-2.0.2/packages/client/dist/extension.js
[2021-09-01 16:16:47.929] [exthost] [warning] [Decorations] CAPPING events from decorations provider vscode.git 2271
[2021-09-01 16:17:03.240] [exthost] [warning] [Decorations] CAPPING events from decorations provider vscode.git 2271
[2021-09-01 16:17:08.331] [exthost] [warning] [Decorations] CAPPING events from decorations provider vscode.git 2271
[2021-09-01 16:17:13.461] [exthost] [warning] [Decorations] CAPPING events from decorations provider vscode.git 2271
[2021-09-01 16:17:18.561] [exthost] [warning] [Decorations] CAPPING events from decorations provider vscode.git 2271
[2021-09-01 16:17:29.634] [exthost] [warning] [Decorations] CAPPING events from decorations provider vscode.git 2271
[2021-09-01 16:17:34.738] [exthost] [warning] [Decorations] CAPPING events from decorations provider vscode.git 2271
[2021-09-01 16:17:39.850] [exthost] [warning] [Decorations] CAPPING events from decorations provider vscode.git 2271
[2021-09-01 16:17:44.997] [exthost] [warning] [Decorations] CAPPING events from decorations provider vscode.git 2271
[2021-09-01 16:17:55.120] [exthost] [warning] [Decorations] CAPPING events from decorations provider vscode.git 2271
[2021-09-01 16:18:00.247] [exthost] [warning] [Decorations] CAPPING events from decorations provider vscode.git 2271
[2021-09-01 16:18:04.054] [exthost] [info] extension host terminating: received terminate message from renderer
[2021-09-01 16:18:04.058] [exthost] [info] Lock '/var/www/.vscode-server/data/User/workspaceStorage/2e5f988c5af9171eb1a8d776ec095420/vscode.lock': Marking the lockfile as scheduled to be released in 6000 ms.
[2021-09-01 16:18:05.094] [exthost] [info] exiting with code 0
